<?xml version="1.0" encoding="UTF-8"?>
<!-- Generated by org.testng.reporters.JUnitReportReporter -->
<testsuite skipped="0" hostname="DESKTOP-PU16VBP" name="Country_RestAssured" tests="1" failures="0" timestamp="2021-01-17T22:24:05 CST" time="2.204" errors="0">
  <testcase name="test1_getAll_Info" time="2.204" classname="Country_RestAssured"/>
  <system-out/>
</testsuite> <!-- Country_RestAssured -->
