<?xml version="1.0" encoding="UTF-8"?>
<!-- Generated by org.testng.reporters.JUnitReportReporter -->
<testsuite skipped="0" hostname="DESKTOP-PU16VBP" name="Country_RestAssured" tests="5" failures="0" timestamp="2021-01-18T17:13:22 CST" time="41.364" errors="0">
  <testcase name="test1_getAll_Info" time="2.148" classname="Country_RestAssured"/>
  <system-out/>
  <testcase name="test2_AddCountryCode_ToGetCapital" time="10.523" classname="Country_RestAssured"/>
  <system-out/>
  <testcase name="test3_AddCountryName_TogetCapital" time="28.280" classname="Country_RestAssured"/>
  <system-out/>
  <testcase name="test4_Invalid_HTTPMethod" time="0.206" classname="Country_RestAssured"/>
  <system-out/>
  <testcase name="test5_Invalid_URL" time="0.207" classname="Country_RestAssured"/>
  <system-out/>
</testsuite> <!-- Country_RestAssured -->
